<?xml version="1.0" encoding="UTF-8"?>
<!-- Generated by org.testng.reporters.JUnitReportReporter -->
<testsuite hostname="sauravpc" name="testcases.Verifyhomepage" tests="1" failures="0" timestamp="31 Mar 2017 07:20:18 GMT" time="20.640" errors="0">
  <testcase name="verifyhomepage" time="20.640" classname="testcases.Verifyhomepage"/>
</testsuite> <!-- testcases.Verifyhomepage -->
